# JRE version: OpenJDK Runtime Environment (8.0_202-b03) (build 1.8.0_202-release-1483-b03)
# Java VM: OpenJDK 64-Bit Server VM (25.202-b03 mixed mode windows-amd64 compressed oops)
Heap:
 PSYoungGen      total 292352K, used 100144K [0x00000000e0000000, 0x00000000f4680000, 0x0000000100000000)
  eden space 265728K, 37% used [0x00000000e0000000,0x00000000e61cc218,0x00000000f0380000)
  from space 26624K, 0% used [0x00000000f2580000,0x00000000f2580000,0x00000000f3f80000)
  to   space 34304K, 0% used [0x00000000f0380000,0x00000000f0380000,0x00000000f2500000)
 ParOldGen       total 209408K, used 50657K [0x00000000a0000000, 0x00000000acc80000, 0x00000000e0000000)
  object space 209408K, 24% used [0x00000000a0000000,0x00000000a3178590,0x00000000acc80000)
 Metaspace       used 82125K, capacity 85382K, committed 85928K, reserved 1124352K
  class space    used 10783K, capacity 11539K, committed 11696K, reserved 1048576K
GC Heap History (10 events):
Event: 43.729 GC heap before
{Heap before GC invocations=14 (full 3):
 PSYoungGen      total 248320K, used 228864K [0x00000000e0000000, 0x00000000f1900000, 0x0000000100000000)
  eden space 228864K, 100% used [0x00000000e0000000,0x00000000edf80000,0x00000000edf80000)
  from space 19456K, 0% used [0x00000000ef580000,0x00000000ef580000,0x00000000f0880000)
  to   space 22528K, 0% used [0x00000000edf80000,0x00000000edf80000,0x00000000ef580000)
 ParOldGen       total 209408K, used 36280K [0x00000000a0000000, 0x00000000acc80000, 0x00000000e0000000)
  object space 209408K, 17% used [0x00000000a0000000,0x00000000a236e130,0x00000000acc80000)
 Metaspace       used 66265K, capacity 68694K, committed 68776K, reserved 1107968K
  class space    used 9057K, capacity 9570K, committed 9648K, reserved 1048576K
Event: 43.752 GC heap after
Heap after GC invocations=14 (full 3):
 PSYoungGen      total 251392K, used 20440K [0x00000000e0000000, 0x00000000f4400000, 0x0000000100000000)
  eden space 228864K, 0% used [0x00000000e0000000,0x00000000e0000000,0x00000000edf80000)
  from space 22528K, 90% used [0x00000000edf80000,0x00000000ef3762a0,0x00000000ef580000)
  to   space 24576K, 0% used [0x00000000f2c00000,0x00000000f2c00000,0x00000000f4400000)
 ParOldGen       total 209408K, used 36288K [0x00000000a0000000, 0x00000000acc80000, 0x00000000e0000000)
  object space 209408K, 17% used [0x00000000a0000000,0x00000000a2370130,0x00000000acc80000)
 Metaspace       used 66265K, capacity 68694K, committed 68776K, reserved 1107968K
  class space    used 9057K, capacity 9570K, committed 9648K, reserved 1048576K
}
Event: 4118.209 GC heap before
{Heap before GC invocations=15 (full 3):
 PSYoungGen      total 251392K, used 249304K [0x00000000e0000000, 0x00000000f4400000, 0x0000000100000000)
  eden space 228864K, 100% used [0x00000000e0000000,0x00000000edf80000,0x00000000edf80000)
  from space 22528K, 90% used [0x00000000edf80000,0x00000000ef3762a0,0x00000000ef580000)
  to   space 24576K, 0% used [0x00000000f2c00000,0x00000000f2c00000,0x00000000f4400000)
 ParOldGen       total 209408K, used 36288K [0x00000000a0000000, 0x00000000acc80000, 0x00000000e0000000)
  object space 209408K, 17% used [0x00000000a0000000,0x00000000a2370130,0x00000000acc80000)
 Metaspace       used 72104K, capacity 74880K, committed 75048K, reserved 1114112K
  class space    used 9641K, capacity 10247K, committed 10288K, reserved 1048576K
Event: 4118.240 GC heap after
Heap after GC invocations=15 (full 3):
 PSYoungGen      total 293376K, used 19036K [0x00000000e0000000, 0x00000000f3f00000, 0x0000000100000000)
  eden space 273920K, 0% used [0x00000000e0000000,0x00000000e0000000,0x00000000f0b80000)
  from space 19456K, 97% used [0x00000000f2c00000,0x00000000f3e97380,0x00000000f3f00000)
  to   space 26112K, 0% used [0x00000000f0c00000,0x00000000f0c00000,0x00000000f2580000)
 ParOldGen       total 209408K, used 36296K [0x00000000a0000000, 0x00000000acc80000, 0x00000000e0000000)
  object space 209408K, 17% used [0x00000000a0000000,0x00000000a2372130,0x00000000acc80000)
 Metaspace       used 72104K, capacity 74880K, committed 75048K, reserved 1114112K
  class space    used 9641K, capacity 10247K, committed 10288K, reserved 1048576K
}
Event: 4136.046 GC heap before
{Heap before GC invocations=16 (full 3):
 PSYoungGen      total 293376K, used 292956K [0x00000000e0000000, 0x00000000f3f00000, 0x0000000100000000)
  eden space 273920K, 100% used [0x00000000e0000000,0x00000000f0b80000,0x00000000f0b80000)
  from space 19456K, 97% used [0x00000000f2c00000,0x00000000f3e97380,0x00000000f3f00000)
  to   space 26112K, 0% used [0x00000000f0c00000,0x00000000f0c00000,0x00000000f2580000)
 ParOldGen       total 209408K, used 36296K [0x00000000a0000000, 0x00000000acc80000, 0x00000000e0000000)
  object space 209408K, 17% used [0x00000000a0000000,0x00000000a2372130,0x00000000acc80000)
 Metaspace       used 78973K, capacity 82292K, committed 82472K, reserved 1120256K
  class space    used 10314K, capacity 11039K, committed 11056K, reserved 1048576K
Event: 4136.080 GC heap after
Heap after GC invocations=16 (full 3):
 PSYoungGen      total 291840K, used 26107K [0x00000000e0000000, 0x00000000f3f80000, 0x0000000100000000)
  eden space 265728K, 0% used [0x00000000e0000000,0x00000000e0000000,0x00000000f0380000)
  from space 26112K, 99% used [0x00000000f0c00000,0x00000000f257ee70,0x00000000f2580000)
  to   space 26624K, 0% used [0x00000000f2580000,0x00000000f2580000,0x00000000f3f80000)
 ParOldGen       total 209408K, used 40578K [0x00000000a0000000, 0x00000000acc80000, 0x00000000e0000000)
  object space 209408K, 19% used [0x00000000a0000000,0x00000000a27a0868,0x00000000acc80000)
 Metaspace       used 78973K, capacity 82292K, committed 82472K, reserved 1120256K
  class space    used 10314K, capacity 11039K, committed 11056K, reserved 1048576K
}
Event: 4140.333 GC heap before
{Heap before GC invocations=17 (full 3):
 PSYoungGen      total 291840K, used 96925K [0x00000000e0000000, 0x00000000f3f80000, 0x0000000100000000)
  eden space 265728K, 26% used [0x00000000e0000000,0x00000000e4528948,0x00000000f0380000)
  from space 26112K, 99% used [0x00000000f0c00000,0x00000000f257ee70,0x00000000f2580000)
  to   space 26624K, 0% used [0x00000000f2580000,0x00000000f2580000,0x00000000f3f80000)
 ParOldGen       total 209408K, used 40578K [0x00000000a0000000, 0x00000000acc80000, 0x00000000e0000000)
  object space 209408K, 19% used [0x00000000a0000000,0x00000000a27a0868,0x00000000acc80000)
 Metaspace       used 82006K, capacity 85460K, committed 85544K, reserved 1124352K
  class space    used 10789K, capacity 11564K, committed 11568K, reserved 1048576K
Event: 4140.364 GC heap after
Heap after GC invocations=17 (full 3):
 PSYoungGen      total 292352K, used 26593K [0x00000000e0000000, 0x00000000f4680000, 0x0000000100000000)
  eden space 265728K, 0% used [0x00000000e0000000,0x00000000e0000000,0x00000000f0380000)
  from space 26624K, 99% used [0x00000000f2580000,0x00000000f3f784f8,0x00000000f3f80000)
  to   space 34304K, 0% used [0x00000000f0380000,0x00000000f0380000,0x00000000f2500000)
 ParOldGen       total 209408K, used 42393K [0x00000000a0000000, 0x00000000acc80000, 0x00000000e0000000)
  object space 209408K, 20% used [0x00000000a0000000,0x00000000a29666f0,0x00000000acc80000)
 Metaspace       used 82006K, capacity 85460K, committed 85544K, reserved 1124352K
  class space    used 10789K, capacity 11564K, committed 11568K, reserved 1048576K
}
Event: 4140.364 GC heap before
{Heap before GC invocations=18 (full 4):
 PSYoungGen      total 292352K, used 26593K [0x00000000e0000000, 0x00000000f4680000, 0x0000000100000000)
  eden space 265728K, 0% used [0x00000000e0000000,0x00000000e0000000,0x00000000f0380000)
  from space 26624K, 99% used [0x00000000f2580000,0x00000000f3f784f8,0x00000000f3f80000)
  to   space 34304K, 0% used [0x00000000f0380000,0x00000000f0380000,0x00000000f2500000)
 ParOldGen       total 209408K, used 42393K [0x00000000a0000000, 0x00000000acc80000, 0x00000000e0000000)
  object space 209408K, 20% used [0x00000000a0000000,0x00000000a29666f0,0x00000000acc80000)
 Metaspace       used 82006K, capacity 85460K, committed 85544K, reserved 1124352K
  class space    used 10789K, capacity 11564K, committed 11568K, reserved 1048576K
Event: 4140.804 GC heap after
Heap after GC invocations=18 (full 4):
 PSYoungGen      total 292352K, used 0K [0x00000000e0000000, 0x00000000f4680000, 0x0000000100000000)
  eden space 265728K, 0% used [0x00000000e0000000,0x00000000e0000000,0x00000000f0380000)
  from space 26624K, 0% used [0x00000000f2580000,0x00000000f2580000,0x00000000f3f80000)
  to   space 34304K, 0% used [0x00000000f0380000,0x00000000f0380000,0x00000000f2500000)
 ParOldGen       total 209408K, used 50657K [0x00000000a0000000, 0x00000000acc80000, 0x00000000e0000000)
  object space 209408K, 24% used [0x00000000a0000000,0x00000000a3178590,0x00000000acc80000)
 Metaspace       used 81833K, capacity 85080K, committed 85544K, reserved 1124352K
  class space    used 10748K, capacity 11466K, committed 11568K, reserved 1048576K
}

